<?xml version="1.0" encoding="UTF-8"?>
<testsuite xmlns:xsi="http://www.w3.org/2001/XMLSchema-instance" xsi:noNamespaceSchemaLocation="https://maven.apache.org/surefire/maven-surefire-plugin/xsd/surefire-test-report-3.0.xsd" version="3.0" name="edu.metrostate.ics372.ganby.dealer.DealerCatalogTest" time="0.009" tests="9" errors="0" skipped="0" failures="0">
  <properties>
    <property name="java.specification.version" value="23"/>
    <property name="sun.jnu.encoding" value="UTF-8"/>
    <property name="java.class.path" value="/Users/abo_dawood/Phase3_372/target/test-classes:/Users/abo_dawood/Phase3_372/target/classes:/Users/abo_dawood/.m2/repository/org/openjfx/javafx-controls/21/javafx-controls-21.jar:/Users/abo_dawood/.m2/repository/org/openjfx/javafx-controls/21/javafx-controls-21-mac-aarch64.jar:/Users/abo_dawood/.m2/repository/org/openjfx/javafx-graphics/21/javafx-graphics-21.jar:/Users/abo_dawood/.m2/repository/org/openjfx/javafx-graphics/21/javafx-graphics-21-mac-aarch64.jar:/Users/abo_dawood/.m2/repository/org/openjfx/javafx-base/21/javafx-base-21.jar:/Users/abo_dawood/.m2/repository/org/openjfx/javafx-base/21/javafx-base-21-mac-aarch64.jar:/Users/abo_dawood/.m2/repository/org/openjfx/javafx-fxml/21/javafx-fxml-21.jar:/Users/abo_dawood/.m2/repository/org/openjfx/javafx-fxml/21/javafx-fxml-21-mac-aarch64.jar:/Users/abo_dawood/.m2/repository/org/controlsfx/controlsfx/11.2.1/controlsfx-11.2.1.jar:/Users/abo_dawood/.m2/repository/com/dlsc/formsfx/formsfx-core/11.6.0/formsfx-core-11.6.0.jar:/Users/abo_dawood/.m2/repository/org/kordamp/bootstrapfx/bootstrapfx-core/0.4.0/bootstrapfx-core-0.4.0.jar:/Users/abo_dawood/.m2/repository/org/junit/jupiter/junit-jupiter-api/5.10.2/junit-jupiter-api-5.10.2.jar:/Users/abo_dawood/.m2/repository/org/opentest4j/opentest4j/1.3.0/opentest4j-1.3.0.jar:/Users/abo_dawood/.m2/repository/org/junit/platform/junit-platform-commons/1.10.2/junit-platform-commons-1.10.2.jar:/Users/abo_dawood/.m2/repository/org/apiguardian/apiguardian-api/1.1.2/apiguardian-api-1.1.2.jar:/Users/abo_dawood/.m2/repository/org/junit/jupiter/junit-jupiter-engine/5.10.2/junit-jupiter-engine-5.10.2.jar:/Users/abo_dawood/.m2/repository/org/junit/platform/junit-platform-engine/1.10.2/junit-platform-engine-1.10.2.jar:/Users/abo_dawood/.m2/repository/com/googlecode/json-simple/json-simple/1.1.1/json-simple-1.1.1.jar:/Users/abo_dawood/.m2/repository/junit/junit/4.10/junit-4.10.jar:/Users/abo_dawood/.m2/repository/org/hamcrest/hamcrest-core/1.1/hamcrest-core-1.1.jar:/Users/abo_dawood/.m2/repository/org/jetbrains/kotlin/kotlin-stdlib-jdk8/1.9.24/kotlin-stdlib-jdk8-1.9.24.jar:/Users/abo_dawood/.m2/repository/org/jetbrains/kotlin/kotlin-stdlib/1.9.24/kotlin-stdlib-1.9.24.jar:/Users/abo_dawood/.m2/repository/org/jetbrains/annotations/13.0/annotations-13.0.jar:/Users/abo_dawood/.m2/repository/org/jetbrains/kotlin/kotlin-stdlib-jdk7/1.9.24/kotlin-stdlib-jdk7-1.9.24.jar:/Users/abo_dawood/.m2/repository/org/jetbrains/kotlin/kotlin-test/1.9.24/kotlin-test-1.9.24.jar:"/>
    <property name="java.vm.vendor" value="Homebrew"/>
    <property name="sun.arch.data.model" value="64"/>
    <property name="java.vendor.url" value="https://github.com/Homebrew/homebrew-core/issues"/>
    <property name="user.timezone" value="America/Chicago"/>
    <property name="os.name" value="Mac OS X"/>
    <property name="java.vm.specification.version" value="23"/>
    <property name="sun.java.launcher" value="SUN_STANDARD"/>
    <property name="user.country" value="US"/>
    <property name="sun.boot.library.path" value="/opt/homebrew/Cellar/openjdk/23.0.2/libexec/openjdk.jdk/Contents/Home/lib"/>
    <property name="sun.java.command" value="/Users/abo_dawood/Phase3_372/target/surefire/surefirebooter-20250429153639431_3.jar /Users/abo_dawood/Phase3_372/target/surefire 2025-04-29T15-36-39_389-jvmRun1 surefire-20250429153639431_1tmp surefire_0-20250429153639431_2tmp"/>
    <property name="http.nonProxyHosts" value="local|*.local|169.254/16|*.169.254/16"/>
    <property name="jdk.debug" value="release"/>
    <property name="surefire.test.class.path" value="/Users/abo_dawood/Phase3_372/target/test-classes:/Users/abo_dawood/Phase3_372/target/classes:/Users/abo_dawood/.m2/repository/org/openjfx/javafx-controls/21/javafx-controls-21.jar:/Users/abo_dawood/.m2/repository/org/openjfx/javafx-controls/21/javafx-controls-21-mac-aarch64.jar:/Users/abo_dawood/.m2/repository/org/openjfx/javafx-graphics/21/javafx-graphics-21.jar:/Users/abo_dawood/.m2/repository/org/openjfx/javafx-graphics/21/javafx-graphics-21-mac-aarch64.jar:/Users/abo_dawood/.m2/repository/org/openjfx/javafx-base/21/javafx-base-21.jar:/Users/abo_dawood/.m2/repository/org/openjfx/javafx-base/21/javafx-base-21-mac-aarch64.jar:/Users/abo_dawood/.m2/repository/org/openjfx/javafx-fxml/21/javafx-fxml-21.jar:/Users/abo_dawood/.m2/repository/org/openjfx/javafx-fxml/21/javafx-fxml-21-mac-aarch64.jar:/Users/abo_dawood/.m2/repository/org/controlsfx/controlsfx/11.2.1/controlsfx-11.2.1.jar:/Users/abo_dawood/.m2/repository/com/dlsc/formsfx/formsfx-core/11.6.0/formsfx-core-11.6.0.jar:/Users/abo_dawood/.m2/repository/org/kordamp/bootstrapfx/bootstrapfx-core/0.4.0/bootstrapfx-core-0.4.0.jar:/Users/abo_dawood/.m2/repository/org/junit/jupiter/junit-jupiter-api/5.10.2/junit-jupiter-api-5.10.2.jar:/Users/abo_dawood/.m2/repository/org/opentest4j/opentest4j/1.3.0/opentest4j-1.3.0.jar:/Users/abo_dawood/.m2/repository/org/junit/platform/junit-platform-commons/1.10.2/junit-platform-commons-1.10.2.jar:/Users/abo_dawood/.m2/repository/org/apiguardian/apiguardian-api/1.1.2/apiguardian-api-1.1.2.jar:/Users/abo_dawood/.m2/repository/org/junit/jupiter/junit-jupiter-engine/5.10.2/junit-jupiter-engine-5.10.2.jar:/Users/abo_dawood/.m2/repository/org/junit/platform/junit-platform-engine/1.10.2/junit-platform-engine-1.10.2.jar:/Users/abo_dawood/.m2/repository/com/googlecode/json-simple/json-simple/1.1.1/json-simple-1.1.1.jar:/Users/abo_dawood/.m2/repository/junit/junit/4.10/junit-4.10.jar:/Users/abo_dawood/.m2/repository/org/hamcrest/hamcrest-core/1.1/hamcrest-core-1.1.jar:/Users/abo_dawood/.m2/repository/org/jetbrains/kotlin/kotlin-stdlib-jdk8/1.9.24/kotlin-stdlib-jdk8-1.9.24.jar:/Users/abo_dawood/.m2/repository/org/jetbrains/kotlin/kotlin-stdlib/1.9.24/kotlin-stdlib-1.9.24.jar:/Users/abo_dawood/.m2/repository/org/jetbrains/annotations/13.0/annotations-13.0.jar:/Users/abo_dawood/.m2/repository/org/jetbrains/kotlin/kotlin-stdlib-jdk7/1.9.24/kotlin-stdlib-jdk7-1.9.24.jar:/Users/abo_dawood/.m2/repository/org/jetbrains/kotlin/kotlin-test/1.9.24/kotlin-test-1.9.24.jar:"/>
    <property name="sun.cpu.endian" value="little"/>
    <property name="user.home" value="/Users/abo_dawood"/>
    <property name="user.language" value="en"/>
    <property name="java.specification.vendor" value="Oracle Corporation"/>
    <property name="java.version.date" value="2025-01-21"/>
    <property name="java.home" value="/opt/homebrew/Cellar/openjdk/23.0.2/libexec/openjdk.jdk/Contents/Home"/>
    <property name="file.separator" value="/"/>
    <property name="basedir" value="/Users/abo_dawood/Phase3_372"/>
    <property name="java.vm.compressedOopsMode" value="Zero based"/>
    <property name="line.separator" value="&#10;"/>
    <property name="java.vm.specification.vendor" value="Oracle Corporation"/>
    <property name="java.specification.name" value="Java Platform API Specification"/>
    <property name="apple.awt.application.name" value="ForkedBooter"/>
    <property name="surefire.real.class.path" value="/Users/abo_dawood/Phase3_372/target/surefire/surefirebooter-20250429153639431_3.jar"/>
    <property name="sun.management.compiler" value="HotSpot 64-Bit Tiered Compilers"/>
    <property name="ftp.nonProxyHosts" value="local|*.local|169.254/16|*.169.254/16"/>
    <property name="java.runtime.version" value="23.0.2"/>
    <property name="user.name" value="abo_dawood"/>
    <property name="stdout.encoding" value="UTF-8"/>
    <property name="path.separator" value=":"/>
    <property name="os.version" value="14.6"/>
    <property name="java.runtime.name" value="OpenJDK Runtime Environment"/>
    <property name="file.encoding" value="UTF-8"/>
    <property name="java.vm.name" value="OpenJDK 64-Bit Server VM"/>
    <property name="java.vendor.version" value="Homebrew"/>
    <property name="localRepository" value="/Users/abo_dawood/.m2/repository"/>
    <property name="java.vendor.url.bug" value="https://github.com/Homebrew/homebrew-core/issues"/>
    <property name="java.io.tmpdir" value="/var/folders/v_/t6g0xqnx0p92y5wwpr_r92lc0000gn/T/"/>
    <property name="java.version" value="23.0.2"/>
    <property name="user.dir" value="/Users/abo_dawood/Phase3_372"/>
    <property name="os.arch" value="aarch64"/>
    <property name="java.vm.specification.name" value="Java Virtual Machine Specification"/>
    <property name="native.encoding" value="UTF-8"/>
    <property name="java.library.path" value="/Users/abo_dawood/Library/Java/Extensions:/Library/Java/Extensions:/Network/Library/Java/Extensions:/System/Library/Java/Extensions:/usr/lib/java:."/>
    <property name="java.vm.info" value="mixed mode, sharing"/>
    <property name="stderr.encoding" value="UTF-8"/>
    <property name="java.vendor" value="Homebrew"/>
    <property name="java.vm.version" value="23.0.2"/>
    <property name="sun.io.unicode.encoding" value="UnicodeBig"/>
    <property name="socksNonProxyHosts" value="local|*.local|169.254/16|*.169.254/16"/>
    <property name="java.class.version" value="67.0"/>
  </properties>
  <testcase name="addVehicle" classname="edu.metrostate.ics372.ganby.dealer.DealerCatalogTest" time="0.004"/>
  <testcase name="getVehiclesByType" classname="edu.metrostate.ics372.ganby.dealer.DealerCatalogTest" time="0.0"/>
  <testcase name="getInstance" classname="edu.metrostate.ics372.ganby.dealer.DealerCatalogTest" time="0.001"/>
  <testcase name="enableDisableDealerAcquisition" classname="edu.metrostate.ics372.ganby.dealer.DealerCatalogTest" time="0.0"/>
  <testcase name="amountOfAllDealers" classname="edu.metrostate.ics372.ganby.dealer.DealerCatalogTest" time="0.0"/>
  <testcase name="modifyVehiclePrice" classname="edu.metrostate.ics372.ganby.dealer.DealerCatalogTest" time="0.0"/>
  <testcase name="amountOfAllVehicles" classname="edu.metrostate.ics372.ganby.dealer.DealerCatalogTest" time="0.001"/>
  <testcase name="getAllVehicles" classname="edu.metrostate.ics372.ganby.dealer.DealerCatalogTest" time="0.0"/>
  <testcase name="getDealerWithId" classname="edu.metrostate.ics372.ganby.dealer.DealerCatalogTest" time="0.0"/>
</testsuite>